<?xml version="1.0" encoding="UTF-8"?>
<testng-results skipped="0" failed="0" ignored="0" total="1" passed="1">
  <reporter-output>
  </reporter-output>
  <suite name="Default suite" duration-ms="28005" started-at="2019-05-08T02:17:46Z" finished-at="2019-05-08T02:18:14Z">
    <groups>
    </groups>
    <test name="Default test" duration-ms="28005" started-at="2019-05-08T02:17:46Z" finished-at="2019-05-08T02:18:14Z">
      <class name="TestNG.crossbrowsertesting1">
        <test-method status="PASS" signature="beforeClass()[pri:0, instance:TestNG.crossbrowsertesting1@20e2cbe0]" name="beforeClass" is-config="true" duration-ms="20980" started-at="2019-05-08T02:17:46Z" finished-at="2019-05-08T02:18:07Z">
          <reporter-output>
          </reporter-output>
        </test-method> <!-- beforeClass -->
        <test-method status="PASS" signature="f()[pri:0, instance:TestNG.crossbrowsertesting1@20e2cbe0]" name="f" duration-ms="3940" started-at="2019-05-08T02:18:07Z" finished-at="2019-05-08T02:18:11Z">
          <reporter-output>
          </reporter-output>
        </test-method> <!-- f -->
        <test-method status="PASS" signature="afterClass()[pri:0, instance:TestNG.crossbrowsertesting1@20e2cbe0]" name="afterClass" is-config="true" duration-ms="3041" started-at="2019-05-08T02:18:11Z" finished-at="2019-05-08T02:18:14Z">
          <reporter-output>
          </reporter-output>
        </test-method> <!-- afterClass -->
      </class> <!-- TestNG.crossbrowsertesting1 -->
    </test> <!-- Default test -->
  </suite> <!-- Default suite -->
</testng-results>
